<?xml version="1.0" encoding="UTF-8"?>
<testsuite xmlns:xsi="http://www.w3.org/2001/XMLSchema-instance" xsi:noNamespaceSchemaLocation="https://maven.apache.org/surefire/maven-surefire-plugin/xsd/surefire-test-report.xsd" version="3.0.2" name="com.sikhshan.SikhshanBackendApplicationTests" time="29.507" tests="1" errors="0" skipped="0" failures="0">
  <properties>
[...]
</properties>
  <testcase name="contextLoads" classname="com.sikhshan.SikhshanBackendApplicationTests" time="2.061">
    <system-out><![CDATA[11:14:29.983 [main] INFO org.springframework.test.context.support.AnnotationConfigContextLoaderUtils -- Could not detect default configuration classes for test class [com.sikhshan.SikhshanBackendApplicationTests]: SikhshanBackendApplicationTests does not declare any static, non-private, non-final, nested classes annotated with @Configuration.
11:14:30.316 [main] INFO org.springframework.boot.test.context.SpringBootTestContextBootstrapper -- Found @SpringBootConfiguration com.sikhshan.SikhshanBackendApplication for test class com.sikhshan.SikhshanBackendApplicationTests
11:14:30.812 [main] INFO org.springframework.boot.devtools.restart.RestartApplicationListener -- Restart disabled due to context in which it is running

  .   ____          _            __ _ _
 /\\ / ___'_ __ _ _(_)_ __  __ _ \ \ \ \
( ( )\___ | '_ | '_| | '_ \/ _` | \ \ \ \
 \\/  ___)| |_)| | | | | || (_| |  ) ) ) )
  '  |____| .__|_| |_|_| |_\__, | / / / /
 =========|_|==============|___/=/_/_/_/

 :: Spring Boot ::                (v3.4.5)

2025-07-16T11:14:32.954+05:45  INFO 1960 --- [sikhshan-backend] [           main] c.s.SikhshanBackendApplicationTests      : Starting SikhshanBackendApplicationTests using Java 19.0.1 with PID 1960 (started by sudip in C:\Users\sudip\Documents\workspace-spring-tool-suite-4-4.26.0.RELEASE\sikhshan-backend\backend)
2025-07-16T11:14:32.970+05:45  INFO 1960 --- [sikhshan-backend] [           main] c.s.SikhshanBackendApplicationTests      : No active profile set, falling back to 1 default profile: "default"
2025-07-16T11:14:38.039+05:45  INFO 1960 --- [sikhshan-backend] [           main] .s.d.r.c.RepositoryConfigurationDelegate : Bootstrapping Spring Data JPA repositories in DEFAULT mode.
2025-07-16T11:14:38.284+05:45  INFO 1960 --- [sikhshan-backend] [           main] .s.d.r.c.RepositoryConfigurationDelegate : Finished Spring Data repository scanning in 207 ms. Found 2 JPA repository interfaces.
2025-07-16T11:14:40.163+05:45  INFO 1960 --- [sikhshan-backend] [           main] o.hibernate.jpa.internal.util.LogHelper  : HHH000204: Processing PersistenceUnitInfo [name: default]
2025-07-16T11:14:40.403+05:45  INFO 1960 --- [sikhshan-backend] [           main] org.hibernate.Version                    : HHH000412: Hibernate ORM core version 6.6.13.Final
2025-07-16T11:14:40.566+05:45  INFO 1960 --- [sikhshan-backend] [           main] o.h.c.internal.RegionFactoryInitiator    : HHH000026: Second-level cache disabled
2025-07-16T11:14:42.833+05:45  INFO 1960 --- [sikhshan-backend] [           main] o.s.o.j.p.SpringPersistenceUnitInfo      : No LoadTimeWeaver setup: ignoring JPA class transformer
2025-07-16T11:14:42.976+05:45  INFO 1960 --- [sikhshan-backend] [           main] com.zaxxer.hikari.HikariDataSource       : HikariPool-1 - Starting...
2025-07-16T11:14:43.623+05:45  INFO 1960 --- [sikhshan-backend] [           main] com.zaxxer.hikari.pool.HikariPool        : HikariPool-1 - Added connection com.mysql.cj.jdbc.ConnectionImpl@1da53f4f
2025-07-16T11:14:43.627+05:45  INFO 1960 --- [sikhshan-backend] [           main] com.zaxxer.hikari.HikariDataSource       : HikariPool-1 - Start completed.
2025-07-16T11:14:43.794+05:45  WARN 1960 --- [sikhshan-backend] [           main] org.hibernate.dialect.Dialect            : HHH000511: The 5.5.5 version for [org.hibernate.dialect.MySQLDialect] is no longer supported, hence certain features may not work properly. The minimum supported version is 8.0.0. Check the community dialects project for available legacy versions.
2025-07-16T11:14:43.881+05:45  INFO 1960 --- [sikhshan-backend] [           main] org.hibernate.orm.connections.pooling    : HHH10001005: Database info:
	Database JDBC URL [Connecting through datasource 'HikariDataSource (HikariPool-1)']
	Database driver: undefined/unknown
	Database version: 5.5.5
	Autocommit mode: undefined/unknown
	Isolation level: undefined/unknown
	Minimum pool size: undefined/unknown
	Maximum pool size: undefined/unknown
2025-07-16T11:14:49.214+05:45  INFO 1960 --- [sikhshan-backend] [           main] o.h.e.t.j.p.i.JtaPlatformInitiator       : HHH000489: No JTA platform available (set 'hibernate.transaction.jta.platform' to enable JTA platform integration)
Hibernate: alter table user modify column role enum ('FACULTY','STUDENT','SUPERADMIN')
2025-07-16T11:14:49.774+05:45  INFO 1960 --- [sikhshan-backend] [           main] j.LocalContainerEntityManagerFactoryBean : Initialized JPA EntityManagerFactory for persistence unit 'default'
2025-07-16T11:14:54.649+05:45  WARN 1960 --- [sikhshan-backend] [           main] JpaBaseConfiguration$JpaWebConfiguration : spring.jpa.open-in-view is enabled by default. Therefore, database queries may be performed during view rendering. Explicitly configure spring.jpa.open-in-view to disable this warning
2025-07-16T11:14:55.738+05:45  WARN 1960 --- [sikhshan-backend] [           main] ion$DefaultTemplateResolverConfiguration : Cannot find template location: classpath:/templates/ (please add some templates, check your Thymeleaf configuration, or set spring.thymeleaf.check-template-location=false)
2025-07-16T11:14:56.443+05:45  INFO 1960 --- [sikhshan-backend] [           main] .w.s.a.s.AnnotationActionEndpointMapping : Supporting [WS-Addressing August 2004, WS-Addressing 1.0]
2025-07-16T11:14:56.668+05:45  INFO 1960 --- [sikhshan-backend] [           main] c.s.SikhshanBackendApplicationTests      : Started SikhshanBackendApplicationTests in 25.903 seconds (process running for 29.14)
]]></system-out>
  </testcase>
</testsuite>